# JRE version: OpenJDK Runtime Environment (8.0_152-b02) (build 1.8.0_152-release-1024-b02)
# Java VM: OpenJDK 64-Bit Server VM (25.152-b02 mixed mode windows-amd64 compressed oops)
Heap:
 PSYoungGen      total 388608K, used 249283K [0x00000000e0000000, 0x00000000fbc00000, 0x0000000100000000)
  eden space 377856K, 63% used [0x00000000e0000000,0x00000000ee90aa28,0x00000000f7100000)
  from space 10752K, 99% used [0x00000000f8b00000,0x00000000f95661d8,0x00000000f9580000)
  to   space 27136K, 0% used [0x00000000fa180000,0x00000000fa180000,0x00000000fbc00000)
 ParOldGen       total 190464K, used 123068K [0x00000000a0000000, 0x00000000aba00000, 0x00000000e0000000)
  object space 190464K, 64% used [0x00000000a0000000,0x00000000a782f128,0x00000000aba00000)
 Metaspace       used 124612K, capacity 134384K, committed 134604K, reserved 1167360K
  class space    used 15568K, capacity 17290K, committed 17408K, reserved 1048576K
GC Heap History (10 events):
Event: 3246.310 GC heap before
{Heap before GC invocations=45 (full 4):
 PSYoungGen      total 489984K, used 468791K [0x00000000e0000000, 0x00000000ffc00000, 0x0000000100000000)
  eden space 460288K, 99% used [0x00000000e0000000,0x00000000fc0bf940,0x00000000fc180000)
  from space 29696K, 31% used [0x00000000fdd80000,0x00000000fe68e440,0x00000000ffa80000)
  to   space 28672K, 0% used [0x00000000fc180000,0x00000000fc180000,0x00000000fdd80000)
 ParOldGen       total 190464K, used 123036K [0x00000000a0000000, 0x00000000aba00000, 0x00000000e0000000)
  object space 190464K, 64% used [0x00000000a0000000,0x00000000a7827128,0x00000000aba00000)
 Metaspace       used 124113K, capacity 133766K, committed 133964K, reserved 1165312K
  class space    used 15521K, capacity 17230K, committed 17280K, reserved 1048576K
Event: 3246.327 GC heap after
Heap after GC invocations=45 (full 4):
 PSYoungGen      total 461824K, used 19039K [0x00000000e0000000, 0x00000000fea00000, 0x0000000100000000)
  eden space 442368K, 0% used [0x00000000e0000000,0x00000000e0000000,0x00000000fb000000)
  from space 19456K, 97% used [0x00000000fc180000,0x00000000fd417dd0,0x00000000fd480000)
  to   space 22016K, 0% used [0x00000000fd480000,0x00000000fd480000,0x00000000fea00000)
 ParOldGen       total 190464K, used 123044K [0x00000000a0000000, 0x00000000aba00000, 0x00000000e0000000)
  object space 190464K, 64% used [0x00000000a0000000,0x00000000a7829128,0x00000000aba00000)
 Metaspace       used 124113K, capacity 133766K, committed 133964K, reserved 1165312K
  class space    used 15521K, capacity 17230K, committed 17280K, reserved 1048576K
}
Event: 3353.966 GC heap before
{Heap before GC invocations=46 (full 4):
 PSYoungGen      total 461824K, used 460519K [0x00000000e0000000, 0x00000000fea00000, 0x0000000100000000)
  eden space 442368K, 99% used [0x00000000e0000000,0x00000000faf22088,0x00000000fb000000)
  from space 19456K, 97% used [0x00000000fc180000,0x00000000fd417dd0,0x00000000fd480000)
  to   space 22016K, 0% used [0x00000000fd480000,0x00000000fd480000,0x00000000fea00000)
 ParOldGen       total 190464K, used 123044K [0x00000000a0000000, 0x00000000aba00000, 0x00000000e0000000)
  object space 190464K, 64% used [0x00000000a0000000,0x00000000a7829128,0x00000000aba00000)
 Metaspace       used 124243K, capacity 133886K, committed 133964K, reserved 1165312K
  class space    used 15533K, capacity 17250K, committed 17280K, reserved 1048576K
Event: 3353.980 GC heap after
Heap after GC invocations=46 (full 4):
 PSYoungGen      total 441344K, used 16181K [0x00000000e0000000, 0x00000000fe480000, 0x0000000100000000)
  eden space 424960K, 0% used [0x00000000e0000000,0x00000000e0000000,0x00000000f9f00000)
  from space 16384K, 98% used [0x00000000fd480000,0x00000000fe44d708,0x00000000fe480000)
  to   space 29184K, 0% used [0x00000000fab80000,0x00000000fab80000,0x00000000fc800000)
 ParOldGen       total 190464K, used 123052K [0x00000000a0000000, 0x00000000aba00000, 0x00000000e0000000)
  object space 190464K, 64% used [0x00000000a0000000,0x00000000a782b128,0x00000000aba00000)
 Metaspace       used 124243K, capacity 133886K, committed 133964K, reserved 1165312K
  class space    used 15533K, capacity 17250K, committed 17280K, reserved 1048576K
}
Event: 3426.494 GC heap before
{Heap before GC invocations=47 (full 4):
 PSYoungGen      total 441344K, used 441141K [0x00000000e0000000, 0x00000000fe480000, 0x0000000100000000)
  eden space 424960K, 100% used [0x00000000e0000000,0x00000000f9f00000,0x00000000f9f00000)
  from space 16384K, 98% used [0x00000000fd480000,0x00000000fe44d708,0x00000000fe480000)
  to   space 29184K, 0% used [0x00000000fab80000,0x00000000fab80000,0x00000000fc800000)
 ParOldGen       total 190464K, used 123052K [0x00000000a0000000, 0x00000000aba00000, 0x00000000e0000000)
  object space 190464K, 64% used [0x00000000a0000000,0x00000000a782b128,0x00000000aba00000)
 Metaspace       used 124524K, capacity 134312K, committed 134604K, reserved 1167360K
  class space    used 15567K, capacity 17290K, committed 17408K, reserved 1048576K
Event: 3426.520 GC heap after
Heap after GC invocations=47 (full 4):
 PSYoungGen      total 424960K, used 15927K [0x00000000e0000000, 0x00000000fd500000, 0x0000000100000000)
  eden space 408576K, 0% used [0x00000000e0000000,0x00000000e0000000,0x00000000f8f00000)
  from space 16384K, 97% used [0x00000000fab80000,0x00000000fbb0dd28,0x00000000fbb80000)
  to   space 26112K, 0% used [0x00000000fbb80000,0x00000000fbb80000,0x00000000fd500000)
 ParOldGen       total 190464K, used 123060K [0x00000000a0000000, 0x00000000aba00000, 0x00000000e0000000)
  object space 190464K, 64% used [0x00000000a0000000,0x00000000a782d128,0x00000000aba00000)
 Metaspace       used 124524K, capacity 134312K, committed 134604K, reserved 1167360K
  class space    used 15567K, capacity 17290K, committed 17408K, reserved 1048576K
}
Event: 3428.132 GC heap before
{Heap before GC invocations=48 (full 4):
 PSYoungGen      total 424960K, used 424312K [0x00000000e0000000, 0x00000000fd500000, 0x0000000100000000)
  eden space 408576K, 99% used [0x00000000e0000000,0x00000000f8ed0420,0x00000000f8f00000)
  from space 16384K, 97% used [0x00000000fab80000,0x00000000fbb0dd28,0x00000000fbb80000)
  to   space 26112K, 0% used [0x00000000fbb80000,0x00000000fbb80000,0x00000000fd500000)
 ParOldGen       total 190464K, used 123060K [0x00000000a0000000, 0x00000000aba00000, 0x00000000e0000000)
  object space 190464K, 64% used [0x00000000a0000000,0x00000000a782d128,0x00000000aba00000)
 Metaspace       used 124550K, capacity 134312K, committed 134604K, reserved 1167360K
  class space    used 15568K, capacity 17290K, committed 17408K, reserved 1048576K
Event: 3428.148 GC heap after
Heap after GC invocations=48 (full 4):
 PSYoungGen      total 399360K, used 6640K [0x00000000e0000000, 0x00000000fc200000, 0x0000000100000000)
  eden space 392704K, 0% used [0x00000000e0000000,0x00000000e0000000,0x00000000f7f80000)
  from space 6656K, 99% used [0x00000000fbb80000,0x00000000fc1fc0b0,0x00000000fc200000)
  to   space 28160K, 0% used [0x00000000f8b00000,0x00000000f8b00000,0x00000000fa680000)
 ParOldGen       total 190464K, used 123060K [0x00000000a0000000, 0x00000000aba00000, 0x00000000e0000000)
  object space 190464K, 64% used [0x00000000a0000000,0x00000000a782d128,0x00000000aba00000)
 Metaspace       used 124550K, capacity 134312K, committed 134604K, reserved 1167360K
  class space    used 15568K, capacity 17290K, committed 17408K, reserved 1048576K
}
Event: 3432.453 GC heap before
{Heap before GC invocations=49 (full 4):
 PSYoungGen      total 399360K, used 397639K [0x00000000e0000000, 0x00000000fc200000, 0x0000000100000000)
  eden space 392704K, 99% used [0x00000000e0000000,0x00000000f7dd5d88,0x00000000f7f80000)
  from space 6656K, 99% used [0x00000000fbb80000,0x00000000fc1fc0b0,0x00000000fc200000)
  to   space 28160K, 0% used [0x00000000f8b00000,0x00000000f8b00000,0x00000000fa680000)
 ParOldGen       total 190464K, used 123060K [0x00000000a0000000, 0x00000000aba00000, 0x00000000e0000000)
  object space 190464K, 64% used [0x00000000a0000000,0x00000000a782d128,0x00000000aba00000)
 Metaspace       used 124563K, capacity 134316K, committed 134604K, reserved 1167360K
  class space    used 15568K, capacity 17290K, committed 17408K, reserved 1048576K
Event: 3432.464 GC heap after
Heap after GC invocations=49 (full 4):
 PSYoungGen      total 388608K, used 10648K [0x00000000e0000000, 0x00000000fbc00000, 0x0000000100000000)
  eden space 377856K, 0% used [0x00000000e0000000,0x00000000e0000000,0x00000000f7100000)
  from space 10752K, 99% used [0x00000000f8b00000,0x00000000f95661d8,0x00000000f9580000)
  to   space 27136K, 0% used [0x00000000fa180000,0x00000000fa180000,0x00000000fbc00000)
 ParOldGen       total 190464K, used 123068K [0x00000000a0000000, 0x00000000aba00000, 0x00000000e0000000)
  object space 190464K, 64% used [0x00000000a0000000,0x00000000a782f128,0x00000000aba00000)
 Metaspace       used 124563K, capacity 134316K, committed 134604K, reserved 1167360K
  class space    used 15568K, capacity 17290K, committed 17408K, reserved 1048576K
}

